<?xml version="1.0" encoding="UTF-8"?>
<testng-results ignored="0" total="1" passed="1" failed="0" skipped="0">
  <reporter-output>
  </reporter-output>
  <suite started-at="2023-02-05T01:21:53 SGT" name="Default suite" finished-at="2023-02-05T01:21:53 SGT" duration-ms="58">
    <groups>
    </groups>
    <test started-at="2023-02-05T01:21:53 SGT" name="Default test" finished-at="2023-02-05T01:21:53 SGT" duration-ms="58">
      <class name="com.dvops.maven.eclipse.NewTest">
        <test-method is-config="true" signature="beforeTest()[pri:0, instance:com.dvops.maven.eclipse.NewTest@6302bbb1]" started-at="2023-02-05T01:21:53 SGT" name="beforeTest" finished-at="2023-02-05T01:21:53 SGT" duration-ms="10" status="PASS">
          <reporter-output>
          </reporter-output>
        </test-method> <!-- beforeTest -->
        <test-method signature="f()[pri:0, instance:com.dvops.maven.eclipse.NewTest@6302bbb1]" started-at="2023-02-05T01:21:53 SGT" name="f" finished-at="2023-02-05T01:21:53 SGT" duration-ms="6" status="PASS">
          <reporter-output>
          </reporter-output>
        </test-method> <!-- f -->
        <test-method is-config="true" signature="afterTest()[pri:0, instance:com.dvops.maven.eclipse.NewTest@6302bbb1]" started-at="2023-02-05T01:21:53 SGT" name="afterTest" finished-at="2023-02-05T01:21:53 SGT" duration-ms="1" status="PASS">
          <reporter-output>
          </reporter-output>
        </test-method> <!-- afterTest -->
      </class> <!-- com.dvops.maven.eclipse.NewTest -->
    </test> <!-- Default test -->
  </suite> <!-- Default suite -->
</testng-results>
